<?xml version="1.0" encoding="UTF-8"?>
<robot generator="Robot 4.1.1 (Python 3.9.7 on win32)" generated="20210916 16:27:05.784" rpa="false" schemaversion="2">
<suite id="s1" name="Login" source="C:\Users\Kristoffer\Documents\Github\Tester LIA\tests\login.robot">
<test id="s1-t1" name="Logga in som användare">
<kw name="Begin Web Test" library="keywords_general" type="SETUP">
<kw name="Open Browser" library="SeleniumLibrary">
<arg>about:blank</arg>
<arg>${BROWSER}</arg>
<doc>Opens a new browser instance to the optional ``url``.</doc>
<msg timestamp="20210916 16:27:06.121" level="INFO">Opening browser 'chrome' to base url 'about:blank'.</msg>
<status status="PASS" starttime="20210916 16:27:06.121" endtime="20210916 16:27:07.682"/>
</kw>
<kw name="Set Selenium Speed" library="SeleniumLibrary">
<arg>1</arg>
<doc>Sets the delay that is waited after each Selenium command.</doc>
<status status="PASS" starttime="20210916 16:27:07.683" endtime="20210916 16:27:07.683"/>
</kw>
<status status="PASS" starttime="20210916 16:27:06.120" endtime="20210916 16:27:07.684"/>
</kw>
<kw name="Login a user" library="keywords_login">
<arg>kristoffer.johnsson@gmail.com</arg>
<arg>Blomma</arg>
<kw name="Go to Web Page" library="keywords_general">
<kw name="Load Page" library="keywords_general">
<kw name="Go To" library="SeleniumLibrary">
<arg>${URL_HOMEPAGE}</arg>
<doc>Navigates the current browser window to the provided ``url``.</doc>
<msg timestamp="20210916 16:27:07.694" level="INFO">Opening url 'http://localhost:19006/'</msg>
<status status="PASS" starttime="20210916 16:27:07.693" endtime="20210916 16:27:09.547"/>
</kw>
<status status="PASS" starttime="20210916 16:27:07.692" endtime="20210916 16:27:09.549"/>
</kw>
<kw name="Verify Page Loaded" library="keywords_general">
<kw name="Get Title" library="SeleniumLibrary">
<var>${LINK_TEXT}</var>
<doc>Returns the title of the current page.</doc>
<msg timestamp="20210916 16:27:10.579" level="INFO">${LINK_TEXT} = Login</msg>
<status status="PASS" starttime="20210916 16:27:09.551" endtime="20210916 16:27:10.579"/>
</kw>
<kw name="Should Be Equal" library="BuiltIn">
<arg>${LINK_TEXT}</arg>
<arg>Login</arg>
<doc>Fails if the given objects are unequal.</doc>
<status status="PASS" starttime="20210916 16:27:10.580" endtime="20210916 16:27:10.582"/>
</kw>
<kw name="Page Should Contain" library="SeleniumLibrary">
<arg>Logga in</arg>
<doc>Verifies that current page contains ``text``.</doc>
<msg timestamp="20210916 16:27:12.621" level="INFO">Current page contains text 'Logga in'.</msg>
<status status="PASS" starttime="20210916 16:27:10.583" endtime="20210916 16:27:12.621"/>
</kw>
<status status="PASS" starttime="20210916 16:27:09.550" endtime="20210916 16:27:12.621"/>
</kw>
<status status="PASS" starttime="20210916 16:27:07.690" endtime="20210916 16:27:12.622"/>
</kw>
<kw name="Fill in username" library="keywords_login">
<arg>${Username}</arg>
<kw name="Input Text" library="SeleniumLibrary">
<arg>class:css-textinput-11aywtz r-backgroundColor-14lw9ot r-borderRadius-1f0042m r-color-1khnkhu r-flex-13awgt0 r-fontSize-1i10wst r-fontWeight-majxgm r-height-ahm1il r-paddingLeft-1yt7n81</arg>
<arg>${Username}</arg>
<doc>Types the given ``text`` into the text field identified by ``locator``.</doc>
<msg timestamp="20210916 16:27:12.623" level="INFO">Typing text 'kristoffer.johnsson@gmail.com' into text field 'class:css-textinput-11aywtz r-backgroundColor-14lw9ot r-borderRadius-1f0042m r-color-1khnkhu r-flex-13awgt0 r-fontSize-1i10wst r-fontWeight-majxgm r-height-ahm1il r-paddingLeft-1yt7n81'.</msg>
<kw name="Capture Page Screenshot" library="SeleniumLibrary">
<doc>Takes a screenshot of the current page and embeds it into a log file.</doc>
<msg timestamp="20210916 16:27:14.902" level="INFO" html="true">&lt;/td&gt;&lt;/tr&gt;&lt;tr&gt;&lt;td colspan="3"&gt;&lt;a href="selenium-screenshot-20.png"&gt;&lt;img src="selenium-screenshot-20.png" width="800px"&gt;&lt;/a&gt;</msg>
<status status="PASS" starttime="20210916 16:27:13.642" endtime="20210916 16:27:14.902"/>
</kw>
<msg timestamp="20210916 16:27:14.905" level="FAIL">Element with locator 'class:css-textinput-11aywtz r-backgroundColor-14lw9ot r-borderRadius-1f0042m r-color-1khnkhu r-flex-13awgt0 r-fontSize-1i10wst r-fontWeight-majxgm r-height-ahm1il r-paddingLeft-1yt7n81' not found.</msg>
<status status="FAIL" starttime="20210916 16:27:12.622" endtime="20210916 16:27:14.906"/>
</kw>
<status status="FAIL" starttime="20210916 16:27:12.622" endtime="20210916 16:27:14.907"/>
</kw>
<kw name="Fill in password" library="keywords_login">
<arg>${Password}</arg>
<status status="NOT RUN" starttime="20210916 16:27:14.908" endtime="20210916 16:27:14.908"/>
</kw>
<kw name="Click login button" library="keywords_login">
<status status="NOT RUN" starttime="20210916 16:27:14.908" endtime="20210916 16:27:14.908"/>
</kw>
<kw name="Varify user homepage" library="keywords_login">
<status status="NOT RUN" starttime="20210916 16:27:14.908" endtime="20210916 16:27:14.909"/>
</kw>
<status status="FAIL" starttime="20210916 16:27:07.688" endtime="20210916 16:27:14.909"/>
</kw>
<kw name="End Web Test" library="keywords_general" type="TEARDOWN">
<kw name="Close Browser" library="SeleniumLibrary">
<doc>Closes the current browser.</doc>
<status status="PASS" starttime="20210916 16:27:14.911" endtime="20210916 16:27:18.035"/>
</kw>
<status status="PASS" starttime="20210916 16:27:14.910" endtime="20210916 16:27:18.036"/>
</kw>
<doc>Verifiera att en användare kan logga in</doc>
<tag>LIA1</tag>
<status status="FAIL" starttime="20210916 16:27:06.119" endtime="20210916 16:27:18.037">Element with locator 'class:css-textinput-11aywtz r-backgroundColor-14lw9ot r-borderRadius-1f0042m r-color-1khnkhu r-flex-13awgt0 r-fontSize-1i10wst r-fontWeight-majxgm r-height-ahm1il r-paddingLeft-1yt7n81' not found.</status>
</test>
<test id="s1-t2" name="User can fail a login atempt">
<kw name="Begin Web Test" library="keywords_general" type="SETUP">
<kw name="Open Browser" library="SeleniumLibrary">
<arg>about:blank</arg>
<arg>${BROWSER}</arg>
<doc>Opens a new browser instance to the optional ``url``.</doc>
<msg timestamp="20210916 16:27:18.049" level="INFO">Opening browser 'chrome' to base url 'about:blank'.</msg>
<status status="PASS" starttime="20210916 16:27:18.048" endtime="20210916 16:27:20.615"/>
</kw>
<kw name="Set Selenium Speed" library="SeleniumLibrary">
<arg>1</arg>
<doc>Sets the delay that is waited after each Selenium command.</doc>
<status status="PASS" starttime="20210916 16:27:20.616" endtime="20210916 16:27:20.617"/>
</kw>
<status status="PASS" starttime="20210916 16:27:18.046" endtime="20210916 16:27:20.618"/>
</kw>
<kw name="Failed login attempt" library="keywords_login">
<kw name="Login a user" library="keywords_login">
<arg>false@mail.se</arg>
<arg>aFalsePassword</arg>
<kw name="Go to Web Page" library="keywords_general">
<kw name="Load Page" library="keywords_general">
<kw name="Go To" library="SeleniumLibrary">
<arg>${URL_HOMEPAGE}</arg>
<doc>Navigates the current browser window to the provided ``url``.</doc>
<msg timestamp="20210916 16:27:20.624" level="INFO">Opening url 'http://localhost:19006/'</msg>
<kw name="Capture Page Screenshot" library="SeleniumLibrary">
<doc>Takes a screenshot of the current page and embeds it into a log file.</doc>
<status status="FAIL" starttime="20210916 16:27:32.806" endtime="20210916 16:27:40.339"/>
</kw>
<msg timestamp="20210916 16:27:40.340" level="WARN">Keyword 'Capture Page Screenshot' could not be run on failure: Execution terminated by signal</msg>
<msg timestamp="20210916 16:27:40.349" level="FAIL">WebDriverException: Message: chrome not reachable
  (Session info: chrome=93.0.4577.82)
</msg>
<status status="FAIL" starttime="20210916 16:27:20.623" endtime="20210916 16:27:40.349"/>
</kw>
<status status="FAIL" starttime="20210916 16:27:20.622" endtime="20210916 16:27:40.353"/>
</kw>
<kw name="Verify Page Loaded" library="keywords_general">
<status status="NOT RUN" starttime="20210916 16:27:40.354" endtime="20210916 16:27:40.355"/>
</kw>
<status status="FAIL" starttime="20210916 16:27:20.621" endtime="20210916 16:27:40.357"/>
</kw>
<kw name="Fill in username" library="keywords_login">
<arg>${Username}</arg>
<status status="NOT RUN" starttime="20210916 16:27:40.358" endtime="20210916 16:27:40.358"/>
</kw>
<kw name="Fill in password" library="keywords_login">
<arg>${Password}</arg>
<status status="NOT RUN" starttime="20210916 16:27:40.359" endtime="20210916 16:27:40.359"/>
</kw>
<kw name="Click login button" library="keywords_login">
<status status="NOT RUN" starttime="20210916 16:27:40.359" endtime="20210916 16:27:40.359"/>
</kw>
<kw name="Varify user homepage" library="keywords_login">
<status status="NOT RUN" starttime="20210916 16:27:40.359" endtime="20210916 16:27:40.359"/>
</kw>
<status status="FAIL" starttime="20210916 16:27:20.620" endtime="20210916 16:27:40.360"/>
</kw>
<kw name="Varify login page" library="keywords_login">
<status status="NOT RUN" starttime="20210916 16:27:40.361" endtime="20210916 16:27:40.361"/>
</kw>
<status status="FAIL" starttime="20210916 16:27:20.619" endtime="20210916 16:27:40.362"/>
</kw>
<kw name="End Web Test" library="keywords_general" type="TEARDOWN">
<kw name="Close Browser" library="SeleniumLibrary">
<doc>Closes the current browser.</doc>
<msg timestamp="20210916 16:27:42.414" level="WARN">Retrying (Retry(total=2, connect=None, read=None, redirect=None, status=None)) after connection broken by 'NewConnectionError('&lt;urllib3.connection.HTTPConnection object at 0x0000029BA5F53400&gt;: Failed to establish a new connection: [WinError 10061] Det gick inte att göra en anslutning eftersom måldatorn aktivt nekade det')': /session/874e0e8fd20533ff8bc9b455e5324851</msg>
<msg timestamp="20210916 16:27:44.461" level="WARN">Retrying (Retry(total=1, connect=None, read=None, redirect=None, status=None)) after connection broken by 'NewConnectionError('&lt;urllib3.connection.HTTPConnection object at 0x0000029BA5F53580&gt;: Failed to establish a new connection: [WinError 10061] Det gick inte att göra en anslutning eftersom måldatorn aktivt nekade det')': /session/874e0e8fd20533ff8bc9b455e5324851</msg>
<msg timestamp="20210916 16:27:46.495" level="WARN">Retrying (Retry(total=0, connect=None, read=None, redirect=None, status=None)) after connection broken by 'NewConnectionError('&lt;urllib3.connection.HTTPConnection object at 0x0000029BA5F536D0&gt;: Failed to establish a new connection: [WinError 10061] Det gick inte att göra en anslutning eftersom måldatorn aktivt nekade det')': /session/874e0e8fd20533ff8bc9b455e5324851</msg>
<errors>
<msg timestamp="20210916 16:27:40.340" level="WARN">Keyword 'Capture Page Screenshot' could not be run on failure: Execution terminated by signal</msg>
<msg timestamp="20210916 16:27:42.414" level="WARN">Retrying (Retry(total=2, connect=None, read=None, redirect=None, status=None)) after connection broken by 'NewConnectionError('&lt;urllib3.connection.HTTPConnection object at 0x0000029BA5F53400&gt;: Failed to establish a new connection: [WinError 10061] Det gick inte att göra en anslutning eftersom måldatorn aktivt nekade det')': /session/874e0e8fd20533ff8bc9b455e5324851</msg>
<msg timestamp="20210916 16:27:44.461" level="WARN">Retrying (Retry(total=1, connect=None, read=None, redirect=None, status=None)) after connection broken by 'NewConnectionError('&lt;urllib3.connection.HTTPConnection object at 0x0000029BA5F53580&gt;: Failed to establish a new connection: [WinError 10061] Det gick inte att göra en anslutning eftersom måldatorn aktivt nekade det')': /session/874e0e8fd20533ff8bc9b455e5324851</msg>
<msg timestamp="20210916 16:27:46.495" level="WARN">Retrying (Retry(total=0, connect=None, read=None, redirect=None, status=None)) after connection broken by 'NewConnectionError('&lt;urllib3.connection.HTTPConnection object at 0x0000029BA5F536D0&gt;: Failed to establish a new connection: [WinError 10061] Det gick inte att göra en anslutning eftersom måldatorn aktivt nekade det')': /session/874e0e8fd20533ff8bc9b455e5324851</msg>
<msg timestamp="20210916 16:27:52.608" level="ERROR">Execution stopped by user.</msg>
</errors>
</robot>
